2025-04-21 01:13:39.319 [info] Extension host with pid 13431 started
2025-04-21 01:13:39.319 [error] Error: EEXIST: file already exists, open '/home/ubuntu/.local/share/code-server/User/workspaceStorage/244c0aa/vscode.lock'
2025-04-21 01:13:39.325 [info] Lock '/home/ubuntu/.local/share/code-server/User/workspaceStorage/244c0aa/vscode.lock': Could not acquire lock, checking if the file is stale.
2025-04-21 01:13:39.334 [info] Lock '/home/ubuntu/.local/share/code-server/User/workspaceStorage/244c0aa/vscode.lock': The lock does not look stale, elapsed: 146 ms, giving up.
2025-04-21 01:13:39.339 [error] Error: EEXIST: file already exists, open '/home/ubuntu/.local/share/code-server/User/workspaceStorage/244c0aa-1/vscode.lock'
2025-04-21 01:13:39.340 [info] Lock '/home/ubuntu/.local/share/code-server/User/workspaceStorage/244c0aa-1/vscode.lock': Could not acquire lock, checking if the file is stale.
2025-04-21 01:13:39.341 [info] Lock '/home/ubuntu/.local/share/code-server/User/workspaceStorage/244c0aa-1/vscode.lock': The lock does not look stale, elapsed: 180 ms, giving up.
2025-04-21 01:13:39.345 [info] Lock '/home/ubuntu/.local/share/code-server/User/workspaceStorage/244c0aa-2/vscode.lock': Lock acquired.
2025-04-21 01:13:39.558 [info] ExtensionService#_doActivateExtension vscode.emmet, startup: false, activationEvent: 'onLanguage'
2025-04-21 01:13:39.774 [info] ExtensionService#_doActivateExtension vscode.git-base, startup: true, activationEvent: '*', root cause: vscode.git
2025-04-21 01:13:39.932 [info] ExtensionService#_doActivateExtension vscode.git, startup: true, activationEvent: '*'
2025-04-21 01:13:39.932 [info] ExtensionService#_doActivateExtension vscode.github, startup: true, activationEvent: '*'
2025-04-21 01:13:40.271 [info] Eager extensions activated
2025-04-21 01:13:40.272 [info] ExtensionService#_doActivateExtension vscode.debug-auto-launch, startup: false, activationEvent: 'onStartupFinished'
2025-04-21 01:13:40.272 [info] ExtensionService#_doActivateExtension vscode.merge-conflict, startup: false, activationEvent: 'onStartupFinished'
2025-04-21 01:13:40.585 [info] ExtensionService#_doActivateExtension vscode.github-authentication, startup: false, activationEvent: 'onAuthenticationRequest:github'
2025-04-21 01:14:06.230 [info] ExtensionService#_doActivateExtension vscode.npm, startup: false, activationEvent: 'onTerminalQuickFixRequest:ms-vscode.npm-command'
2025-04-21 01:14:12.594 [info] ExtensionService#_doActivateExtension vscode.configuration-editing, startup: false, activationEvent: 'onLanguage:json'
2025-04-21 01:14:12.595 [info] ExtensionService#_doActivateExtension vscode.extension-editing, startup: false, activationEvent: 'onLanguage:json'
2025-04-21 01:14:12.595 [info] ExtensionService#_doActivateExtension vscode.json-language-features, startup: false, activationEvent: 'onLanguage:json'
2025-04-21 01:17:34.347 [warning] [Decorations] CAPPING events from decorations provider vscode.git 10000
2025-04-21 01:17:36.205 [warning] [Decorations] CAPPING events from decorations provider vscode.git 10000
